c:\users\val\desktop\projet\roombotssimulator\debug\roombotssimulator.bsc
c:\users\val\desktop\projet\roombotssimulator\roombotssimulator\debug\vc120.pdb
c:\users\val\desktop\projet\roombotssimulator\roombotssimulator\debug\vc120.idb
c:\users\val\desktop\projet\roombotssimulator\roombotssimulator\debug\shaderloader.obj
c:\users\val\desktop\projet\roombotssimulator\roombotssimulator\debug\main.obj
c:\users\val\desktop\projet\roombotssimulator\roombotssimulator\debug\scene.sbr
c:\users\val\desktop\projet\roombotssimulator\roombotssimulator\debug\scene.obj
c:\users\val\desktop\projet\roombotssimulator\roombotssimulator\debug\rifthandler.obj
c:\users\val\desktop\projet\roombotssimulator\roombotssimulator\debug\model.obj
c:\users\val\desktop\projet\roombotssimulator\roombotssimulator\debug\quad.obj
c:\users\val\desktop\projet\roombotssimulator\roombotssimulator\debug\skybox.obj
c:\users\val\desktop\projet\roombotssimulator\roombotssimulator\debug\skybox.sbr
c:\users\val\desktop\projet\roombotssimulator\roombotssimulator\debug\quad.sbr
c:\users\val\desktop\projet\roombotssimulator\roombotssimulator\debug\model.sbr
c:\users\val\desktop\projet\roombotssimulator\roombotssimulator\debug\main.sbr
c:\users\val\desktop\projet\roombotssimulator\roombotssimulator\debug\shaderloader.sbr
c:\users\val\desktop\projet\roombotssimulator\roombotssimulator\debug\rifthandler.sbr
c:\users\val\desktop\projet\roombotssimulator\roombotssimulator\debug\gui.sbr
c:\users\val\desktop\projet\roombotssimulator\roombotssimulator\debug\gui.obj
c:\users\val\desktop\projet\roombotssimulator\debug\roombotssimulator.ilk
c:\users\val\desktop\projet\roombotssimulator\debug\roombotssimulator.exe
c:\users\val\desktop\projet\roombotssimulator\debug\roombotssimulator.pdb
c:\users\val\desktop\projet\roombotssimulator\roombotssimulator\debug\roombots.c22593f3.tlog\bscmake.command.1.tlog
c:\users\val\desktop\projet\roombotssimulator\roombotssimulator\debug\roombots.c22593f3.tlog\bscmake.read.1.tlog
c:\users\val\desktop\projet\roombotssimulator\roombotssimulator\debug\roombots.c22593f3.tlog\bscmake.write.1.tlog
c:\users\val\desktop\projet\roombotssimulator\roombotssimulator\debug\roombots.c22593f3.tlog\cl.command.1.tlog
c:\users\val\desktop\projet\roombotssimulator\roombotssimulator\debug\roombots.c22593f3.tlog\cl.read.1.tlog
c:\users\val\desktop\projet\roombotssimulator\roombotssimulator\debug\roombots.c22593f3.tlog\cl.write.1.tlog
c:\users\val\desktop\projet\roombotssimulator\roombotssimulator\debug\roombots.c22593f3.tlog\link.command.1.tlog
c:\users\val\desktop\projet\roombotssimulator\roombotssimulator\debug\roombots.c22593f3.tlog\link.read.1.tlog
c:\users\val\desktop\projet\roombotssimulator\roombotssimulator\debug\roombots.c22593f3.tlog\link.write.1.tlog
