c:\data\biorob\roombotssimulator\release\vc120.pdb
c:\data\biorob\roombotssimulator\release\trashcan.obj
c:\data\biorob\roombotssimulator\release\structure.obj
c:\data\biorob\roombotssimulator\release\simulator.obj
c:\data\biorob\roombotssimulator\release\simulation.obj
c:\data\biorob\roombotssimulator\release\shaderloader.obj
c:\data\biorob\roombotssimulator\release\scene.obj
c:\data\biorob\roombotssimulator\release\roombot.obj
c:\data\biorob\roombotssimulator\release\rifthandler.obj
c:\data\biorob\roombotssimulator\release\quad.obj
c:\data\biorob\roombotssimulator\release\position.obj
c:\data\biorob\roombotssimulator\release\objmodel.obj
c:\data\biorob\roombotssimulator\release\movablestructure.obj
c:\data\biorob\roombotssimulator\release\model.obj
c:\data\biorob\roombotssimulator\release\main.obj
c:\data\biorob\roombotssimulator\release\leapmotionpointer.obj
c:\data\biorob\roombotssimulator\release\halfmodule.obj
c:\data\biorob\roombotssimulator\release\gui.obj
c:\data\biorob\roombotssimulator\release\cube.obj
c:\data\biorob\roombotssimulator\release\button.obj
c:\data\biorob\roombotssimulator\release\brutepathfinder.obj
c:\data\biorob\release\roombotssimulator.exe
c:\data\biorob\release\roombotssimulator.pdb
c:\data\biorob\roombotssimulator\release\roombots.c22593f3.tlog\cl.command.1.tlog
c:\data\biorob\roombotssimulator\release\roombots.c22593f3.tlog\cl.read.1.tlog
c:\data\biorob\roombotssimulator\release\roombots.c22593f3.tlog\cl.write.1.tlog
c:\data\biorob\roombotssimulator\release\roombots.c22593f3.tlog\link.command.1.tlog
c:\data\biorob\roombotssimulator\release\roombots.c22593f3.tlog\link.read.1.tlog
c:\data\biorob\roombotssimulator\release\roombots.c22593f3.tlog\link.write.1.tlog
