Build started 06.10.2015 14:48:44.
     1>Project "C:\data\BIOROB\RoombotsSimulator\RoombotsSimulator.vcxproj" on node 2 (Build target(s)).
     1>ClCompile:
         C:\Program Files (x86)\Microsoft Visual Studio 12.0\VC\bin\CL.exe /c /IC:\data\BIOROB\packages\glm.0.9.6.3\build\native\../..//build/native/include/ /ILeapSDK\include /Zi /nologo /W3 /WX- /sdl /O2 /Oi /Oy- /GL /D _MBCS /Gm- /EHsc /MD /GS /Gy /fp:precise /Zc:wchar_t /Zc:forScope /Fo"Release\\" /Fd"Release\vc120.pdb" /Gd /TP /analyze- /errorReport:prompt GUI.cc LeapmotionPointer.cc main.cc
         GUI.cc
         LeapmotionPointer.cc
         main.cc
       Link:
         C:\Program Files (x86)\Microsoft Visual Studio 12.0\VC\bin\link.exe /ERRORREPORT:PROMPT /OUT:"C:\data\BIOROB\Release\RoombotsSimulator.exe" /NOLOGO /LIBPATH:Libraries\freeglut /LIBPATH:Libraries\glew /LIBPATH:Libraries\soil /LIBPATH:Libraries\OVR /LIBPATH:Libraries\Leap Leap.lib LibOVR.lib opengl32.lib SOIL.lib freeglut.lib glew32.lib kernel32.lib user32.lib gdi32.lib winspool.lib comdlg32.lib advapi32.lib shell32.lib ole32.lib oleaut32.lib uuid.lib odbc32.lib odbccp32.lib kernel32.lib user32.lib gdi32.lib winspool.lib comdlg32.lib advapi32.lib shell32.lib ole32.lib oleaut32.lib uuid.lib odbc32.lib odbccp32.lib /MANIFEST /MANIFESTUAC:"level='asInvoker' uiAccess='false'" /manifest:embed /DEBUG /PDB:"C:\data\BIOROB\Release\RoombotsSimulator.pdb" /OPT:REF /OPT:ICF /LTCG /TLBID:1 /DYNAMICBASE /NXCOMPAT /IMPLIB:"C:\data\BIOROB\Release\RoombotsSimulator.lib" /MACHINE:X86 /SAFESEH Release\Button.obj
         Release\GUI.obj
         Release\LeapmotionPointer.obj
         Release\main.obj
         Release\RiftHandler.obj
         Release\Model.obj
         Release\Quad.obj
         Release\Scene.obj
         Release\Cube.obj
         Release\ShaderLoader.obj
     1>SOIL.lib(SOIL.obj) : warning LNK4075: ignoring '/EDITANDCONTINUE' due to '/OPT:ICF' specification
     1>LINK : warning LNK4098: defaultlib 'MSVCRTD' conflicts with use of other libs; use /NODEFAULTLIB:library
         Generating code
     1>c:\data\biorob\roombotssimulator\leapmotionpointer.cc(55): warning C4715: 'LeapmotionPointer::Pinching' : not all control paths return a value
         Finished generating code
     1>SOIL.lib(image_DXT.obj) : warning LNK4099: PDB 'vc120.pdb' was not found with 'SOIL.lib(image_DXT.obj)' or at 'C:\data\BIOROB\Release\vc120.pdb'; linking object as if no debug info
     1>SOIL.lib(image_helper.obj) : warning LNK4099: PDB 'vc120.pdb' was not found with 'SOIL.lib(image_helper.obj)' or at 'C:\data\BIOROB\Release\vc120.pdb'; linking object as if no debug info
     1>SOIL.lib(SOIL.obj) : warning LNK4099: PDB 'vc120.pdb' was not found with 'SOIL.lib(SOIL.obj)' or at 'C:\data\BIOROB\Release\vc120.pdb'; linking object as if no debug info
     1>SOIL.lib(stb_image_aug.obj) : warning LNK4099: PDB 'vc120.pdb' was not found with 'SOIL.lib(stb_image_aug.obj)' or at 'C:\data\BIOROB\Release\vc120.pdb'; linking object as if no debug info
         RoombotsSimulator.vcxproj -> C:\data\BIOROB\Release\RoombotsSimulator.exe
     1>Done Building Project "C:\data\BIOROB\RoombotsSimulator\RoombotsSimulator.vcxproj" (Build target(s)).

Build succeeded.

Time Elapsed 00:00:04.13
